[2024-07-16 17:22:22,209] 148 numexpr.utils - INFO - Note: NumExpr detected 12 cores but "NUMEXPR_MAX_THREADS" not set, so enforcing safe limit of 8.
[2024-07-16 17:22:22,209] 160 numexpr.utils - INFO - NumExpr defaulting to 8 threads.
[2024-07-16 17:22:27,770] 26 root - INFO - data ingestion started
[2024-07-16 17:22:27,907] 29 root - INFO -  reading a df
[2024-07-16 17:22:28,529] 33 root - INFO -  i have saved the raw dataset in artifact folder
[2024-07-16 17:22:28,529] 35 root - INFO - here i have performed train test split
[2024-07-16 17:22:28,565] 38 root - INFO - train test split completed
[2024-07-16 17:22:31,667] 43 root - INFO - data ingestion part completed
[2024-07-16 17:22:31,986] 90 root - INFO - read train and test data complete
[2024-07-16 17:22:32,004] 91 root - INFO - Train Dataframe Head : 
       id  carat        cut color clarity  depth  table     x     y     z  price
0  170825   0.42    Premium     F     VS2   61.9   58.0  4.76  4.82  2.96    847
1  136036   1.01  Very Good     G     VS2   63.4   59.0  6.31  6.37  4.02   6834
2   16063   0.71      Ideal     E     VS2   60.3   57.0  5.76  5.81  3.49   3053
3  103739   0.51      Ideal     E     VS2   61.9   56.0  5.12  5.12  3.17   1947
4  169190   0.70      Ideal     H     VS1   60.6   57.0  5.73  5.78  3.50   2604
[2024-07-16 17:22:32,011] 92 root - INFO - Test Dataframe Head : 
       id  carat        cut color clarity  depth  table     x     y     z  price
0  169983   0.73      Ideal     F     SI1   62.2   57.0  5.76  5.79  3.59   2239
1  143418   0.70    Premium     G     SI1   60.8   58.0  5.72  5.67  3.47   2161
2  137366   0.24  Very Good     E     VS1   61.8   59.0  3.93  3.96  2.43    419
3  125758   1.51    Premium     G     VS2   61.6   59.0  7.37  7.33  4.53  11703
4  131063   0.53      Ideal     H     VS1   61.2   56.0  5.22  5.26  3.22   2192
[2024-07-16 17:22:32,012] 35 root - INFO - Data Transformation initiated
[2024-07-16 17:22:32,012] 46 root - INFO - Pipeline Initiated
[2024-07-16 17:22:32,515] 110 root - INFO - Applying preprocessing object on training and testing datasets.
[2024-07-16 17:22:32,544] 120 root - INFO - preprocessing pickle file saved
[2024-07-16 17:22:32,551] 29 root - INFO - Splitting Dependent and Independent variables from train and test data
[2024-07-16 17:22:35,603] 48 root - INFO - Model Report : {'LinearRegression': 0.9365763783707638, 'Lasso': 0.9365893585728151, 'Ridge': 0.9365765583593637, 'Elasticnet': 0.855529251268156, 'xgboost': 0.9789641241465122}
[2024-07-16 17:22:35,604] 61 root - INFO - Best Model Found , Model Name : xgboost , R2 Score : 0.9789641241465122
[2024-07-16 17:22:35,612] 16 root - INFO - evaluation started
[2024-07-16 17:22:35,941] 34 root - INFO - model has register
[2024-07-16 17:22:36,505] 22 root - INFO - evaluation metrics captured
