[2024-07-14 18:56:54,840] 148 numexpr.utils - INFO - Note: NumExpr detected 12 cores but "NUMEXPR_MAX_THREADS" not set, so enforcing safe limit of 8.
[2024-07-14 18:56:54,840] 160 numexpr.utils - INFO - NumExpr defaulting to 8 threads.
[2024-07-14 18:56:55,957] 26 root - INFO - data ingestion started
[2024-07-14 18:56:56,093] 29 root - INFO -  reading a df
[2024-07-14 18:56:56,756] 33 root - INFO -  i have saved the raw dataset in artifact folder
[2024-07-14 18:56:56,756] 35 root - INFO - here i have performed train test split
[2024-07-14 18:56:56,789] 38 root - INFO - train test split completed
[2024-07-14 18:56:57,405] 43 root - INFO - data ingestion part completed
[2024-07-14 18:56:57,532] 90 root - INFO - read train and test data complete
[2024-07-14 18:56:57,546] 91 root - INFO - Train Dataframe Head : 
       id  carat      cut color clarity  depth  table     x     y     z  price
0   80172   0.58    Ideal     G     VS2   61.9   56.0  5.33  5.37  3.31   1612
1   65681   0.40  Premium     F     SI1   61.4   60.0  4.77  4.80  2.94    737
2   26919   0.71  Premium     D     VS2   61.8   59.0  5.72  5.76  3.54   2898
3  121237   0.30    Ideal     H    VVS1   61.6   57.0  4.28  4.32  2.65    664
4   19965   0.40  Premium     E     VS2   62.7   59.0  4.68  4.70  2.94    990
[2024-07-14 18:56:57,548] 92 root - INFO - Test Dataframe Head : 
       id  carat        cut color clarity  depth  table     x     y     z  price
0  187112   1.10      Ideal     D     SI2   61.9   57.0  6.56  6.61  4.08   5090
1  106660   0.43      Ideal     E     VS2   61.9   56.0  4.86  4.84  3.00    975
2  163373   0.33      Ideal     E    VVS1   60.5   56.0  4.47  4.51  2.72   1064
3  182031   2.01       Good     F     SI2   60.0   61.0  8.15  8.10  4.86  17233
4  106290   0.35  Very Good     I     VS2   62.8   57.0  4.47  4.50  2.82    491
[2024-07-14 18:56:57,548] 35 root - INFO - Data Transformation initiated
[2024-07-14 18:56:57,548] 46 root - INFO - Pipeline Initiated
[2024-07-14 18:56:57,780] 110 root - INFO - Applying preprocessing object on training and testing datasets.
[2024-07-14 18:56:57,788] 120 root - INFO - preprocessing pickle file saved
[2024-07-14 18:56:57,791] 27 root - INFO - Splitting Dependent and Independent variables from train and test data
[2024-07-14 18:56:58,222] 45 root - INFO - Model Report : {'LinearRegression': 0.9362429375140686, 'Lasso': 0.9362330345483438, 'Ridge': 0.9362428354082427, 'Elasticnet': 0.8543975850769783}
[2024-07-14 18:56:58,223] 58 root - INFO - Best Model Found , Model Name : LinearRegression , R2 Score : 0.9362429375140686
